[debug] [2020-07-25T15:36:58.811Z] ----------------------------------------------------------------------
[debug] [2020-07-25T15:36:58.813Z] Command:       C:\Program Files\nodejs\node.exe C:\Users\whitehat\AppData\Roaming\npm\node_modules\firebase-tools\lib\bin\firebase.js init
[debug] [2020-07-25T15:36:58.813Z] CLI Version:   8.5.0
[debug] [2020-07-25T15:36:58.813Z] Platform:      win32
[debug] [2020-07-25T15:36:58.813Z] Node Version:  v13.9.0
[debug] [2020-07-25T15:36:58.814Z] Time:          Sat Jul 25 2020 21:06:58 GMT+0530 (India Standard Time)
[debug] [2020-07-25T15:36:58.814Z] ----------------------------------------------------------------------
[debug] [2020-07-25T15:36:58.814Z] 
[debug] [2020-07-25T15:36:58.820Z] > command requires scopes: ["email","openid","https://www.googleapis.com/auth/cloudplatformprojects.readonly","https://www.googleapis.com/auth/firebase","https://www.googleapis.com/auth/cloud-platform"]
[debug] [2020-07-25T15:36:58.820Z] > authorizing via signed-in user
[info] 
     ######## #### ########  ######## ########     ###     ######  ########
     ##        ##  ##     ## ##       ##     ##  ##   ##  ##       ##
     ######    ##  ########  ######   ########  #########  ######  ######
     ##        ##  ##    ##  ##       ##     ## ##     ##       ## ##
     ##       #### ##     ## ######## ########  ##     ##  ######  ########

You're about to initialize a Firebase project in this directory:

  D:\Code\highlighter\chrome-extension

Before we get started, keep in mind:

  * You are initializing in an existing Firebase project directory

